[2022-12-03 15:40:50] laravel.EMERGENCY: Unable to create configured logger. Using emergency logger. {"exception":"[object] (InvalidArgumentException(code: 0): Log [default] is not defined. at /Users/yaozm/Documents/develop/music-dl/vendor/laravel/framework/src/Illuminate/Log/LogManager.php:207)
[stacktrace]
#0 /Users/yaozm/Documents/develop/music-dl/vendor/laravel/framework/src/Illuminate/Log/LogManager.php(132): Illuminate\\Log\\LogManager->resolve('default', NULL)
#1 /Users/yaozm/Documents/develop/music-dl/vendor/laravel/framework/src/Illuminate/Log/LogManager.php(119): Illuminate\\Log\\LogManager->get('default')
#2 /Users/yaozm/Documents/develop/music-dl/vendor/laravel/framework/src/Illuminate/Log/LogManager.php(642): Illuminate\\Log\\LogManager->driver()
#3 /Users/yaozm/Documents/develop/music-dl/vendor/laravel-zero/foundation/src/Illuminate/Foundation/Exceptions/Handler.php(278): Illuminate\\Log\\LogManager->error('App\\\\Music::sear...', Array)
#4 /Users/yaozm/Documents/develop/music-dl/vendor/nunomaduro/collision/src/Adapters/Laravel/ExceptionHandler.php(46): Illuminate\\Foundation\\Exceptions\\Handler->report(Object(TypeError))
#5 /Users/yaozm/Documents/develop/music-dl/vendor/laravel-zero/foundation/src/Illuminate/Foundation/Console/Kernel.php(367): NunoMaduro\\Collision\\Adapters\\Laravel\\ExceptionHandler->report(Object(TypeError))
#6 /Users/yaozm/Documents/develop/music-dl/vendor/laravel-zero/foundation/src/Illuminate/Foundation/Console/Kernel.php(131): Illuminate\\Foundation\\Console\\Kernel->reportException(Object(TypeError))
#7 /Users/yaozm/Documents/develop/music-dl/vendor/laravel-zero/framework/src/Kernel.php(96): Illuminate\\Foundation\\Console\\Kernel->handle(Object(Symfony\\Component\\Console\\Input\\ArgvInput), Object(Symfony\\Component\\Console\\Output\\ConsoleOutput))
#8 /Users/yaozm/Documents/develop/music-dl/music-dl(37): LaravelZero\\Framework\\Kernel->handle(Object(Symfony\\Component\\Console\\Input\\ArgvInput), Object(Symfony\\Component\\Console\\Output\\ConsoleOutput))
#9 {main}
"} 
[2022-12-03 15:40:50] laravel.ERROR: App\Music::search(): Argument #1 ($keyword) must be of type string, Illuminate\Support\Stringable given, called in /Users/yaozm/Documents/develop/music-dl/app/Commands/MusicCommand.php on line 87 {"exception":"[object] (TypeError(code: 0): App\\Music::search(): Argument #1 ($keyword) must be of type string, Illuminate\\Support\\Stringable given, called in /Users/yaozm/Documents/develop/music-dl/app/Commands/MusicCommand.php on line 87 at /Users/yaozm/Documents/develop/music-dl/app/Music.php:50)
[stacktrace]
#0 /Users/yaozm/Documents/develop/music-dl/app/Commands/MusicCommand.php(87): App\\Music->search(Object(Illuminate\\Support\\Stringable), Array)
#1 /Users/yaozm/Documents/develop/music-dl/vendor/laravel/framework/src/Illuminate/Container/BoundMethod.php(36): App\\Commands\\MusicCommand->handle(Object(App\\Music))
#2 /Users/yaozm/Documents/develop/music-dl/vendor/laravel/framework/src/Illuminate/Container/Util.php(41): Illuminate\\Container\\BoundMethod::Illuminate\\Container\\{closure}()
#3 /Users/yaozm/Documents/develop/music-dl/vendor/laravel/framework/src/Illuminate/Container/BoundMethod.php(93): Illuminate\\Container\\Util::unwrapIfClosure(Object(Closure))
#4 /Users/yaozm/Documents/develop/music-dl/vendor/laravel/framework/src/Illuminate/Container/BoundMethod.php(37): Illuminate\\Container\\BoundMethod::callBoundMethod(Object(LaravelZero\\Framework\\Application), Array, Object(Closure))
#5 /Users/yaozm/Documents/develop/music-dl/vendor/laravel/framework/src/Illuminate/Container/Container.php(651): Illuminate\\Container\\BoundMethod::call(Object(LaravelZero\\Framework\\Application), Array, Array, NULL)
#6 /Users/yaozm/Documents/develop/music-dl/vendor/laravel/framework/src/Illuminate/Console/Command.php(182): Illuminate\\Container\\Container->call(Array)
#7 /Users/yaozm/Documents/develop/music-dl/vendor/symfony/console/Command/Command.php(291): Illuminate\\Console\\Command->execute(Object(Symfony\\Component\\Console\\Input\\ArgvInput), Object(Illuminate\\Console\\OutputStyle))
#8 /Users/yaozm/Documents/develop/music-dl/vendor/laravel/framework/src/Illuminate/Console/Command.php(152): Symfony\\Component\\Console\\Command\\Command->run(Object(Symfony\\Component\\Console\\Input\\ArgvInput), Object(Illuminate\\Console\\OutputStyle))
#9 /Users/yaozm/Documents/develop/music-dl/vendor/symfony/console/Application.php(1014): Illuminate\\Console\\Command->run(Object(Symfony\\Component\\Console\\Input\\ArgvInput), Object(Symfony\\Component\\Console\\Output\\ConsoleOutput))
#10 /Users/yaozm/Documents/develop/music-dl/vendor/symfony/console/Application.php(301): Symfony\\Component\\Console\\Application->doRunCommand(Object(App\\Commands\\MusicCommand), Object(Symfony\\Component\\Console\\Input\\ArgvInput), Object(Symfony\\Component\\Console\\Output\\ConsoleOutput))
#11 /Users/yaozm/Documents/develop/music-dl/vendor/symfony/console/Application.php(171): Symfony\\Component\\Console\\Application->doRun(Object(Symfony\\Component\\Console\\Input\\ArgvInput), Object(Symfony\\Component\\Console\\Output\\ConsoleOutput))
#12 /Users/yaozm/Documents/develop/music-dl/vendor/laravel/framework/src/Illuminate/Console/Application.php(102): Symfony\\Component\\Console\\Application->run(Object(Symfony\\Component\\Console\\Input\\ArgvInput), Object(Symfony\\Component\\Console\\Output\\ConsoleOutput))
#13 /Users/yaozm/Documents/develop/music-dl/vendor/laravel-zero/foundation/src/Illuminate/Foundation/Console/Kernel.php(129): Illuminate\\Console\\Application->run(Object(Symfony\\Component\\Console\\Input\\ArgvInput), Object(Symfony\\Component\\Console\\Output\\ConsoleOutput))
#14 /Users/yaozm/Documents/develop/music-dl/vendor/laravel-zero/framework/src/Kernel.php(96): Illuminate\\Foundation\\Console\\Kernel->handle(Object(Symfony\\Component\\Console\\Input\\ArgvInput), Object(Symfony\\Component\\Console\\Output\\ConsoleOutput))
#15 /Users/yaozm/Documents/develop/music-dl/music-dl(37): LaravelZero\\Framework\\Kernel->handle(Object(Symfony\\Component\\Console\\Input\\ArgvInput), Object(Symfony\\Component\\Console\\Output\\ConsoleOutput))
#16 {main}
"} 
